"F:/dich/JoyWayTest/JoyWayTest/Content/Mannequin/Character/Mesh/SK_Mannequin_PhysicsAsset.uasset" 0
"F:/dich/JoyWayTest/JoyWayTest/Content/Mannequin/Character/Mesh/SK_Mannequin_PhysicsAsset.uexp" 1
"F:/dich/JoyWayTest/JoyWayTest/Content/Mannequin/Character/Textures/T_UE4Logo_N.uasset" 2
"F:/dich/JoyWayTest/JoyWayTest/Content/Mannequin/Character/Textures/T_UE4Logo_N.uexp" 3
"F:/dich/JoyWayTest/JoyWayTest/Content/Mannequin/Character/Textures/T_UE4Logo_N.ubulk" 4
"F:/dich/JoyWayTest/JoyWayTest/Content/Mannequin/Character/Textures/T_UE4Logo_Mask.uasset" 5
"F:/dich/JoyWayTest/JoyWayTest/Content/Mannequin/Character/Textures/T_UE4Logo_Mask.uexp" 6
"F:/dich/JoyWayTest/JoyWayTest/Content/Mannequin/Character/Textures/T_UE4Logo_Mask.ubulk" 7
"F:/dich/JoyWayTest/JoyWayTest/Content/Mannequin/Character/Textures/T_Male_N.uasset" 8
"F:/dich/JoyWayTest/JoyWayTest/Content/Mannequin/Character/Textures/T_Male_N.uexp" 9
"F:/dich/JoyWayTest/JoyWayTest/Content/Mannequin/Character/Textures/T_Male_N.ubulk" 10
"F:/dich/JoyWayTest/JoyWayTest/Content/Mannequin/Character/Textures/T_Male_Mask.uasset" 11
"F:/dich/JoyWayTest/JoyWayTest/Content/Mannequin/Character/Textures/T_Male_Mask.uexp" 12
"F:/dich/JoyWayTest/JoyWayTest/Content/Mannequin/Character/Textures/T_Male_Mask.ubulk" 13
"F:/dich/JoyWayTest/JoyWayTest/Content/Mannequin/Character/Materials/MaterialLayers/T_ML_Rubber_Blue_01_N.uasset" 14
"F:/dich/JoyWayTest/JoyWayTest/Content/Mannequin/Character/Materials/MaterialLayers/T_ML_Rubber_Blue_01_N.uexp" 15
"F:/dich/JoyWayTest/JoyWayTest/Content/Mannequin/Character/Materials/MaterialLayers/T_ML_Rubber_Blue_01_N.ubulk" 16
"F:/dich/JoyWayTest/JoyWayTest/Content/Mannequin/Character/Materials/MaterialLayers/T_ML_Rubber_Blue_01_D.uasset" 17
"F:/dich/JoyWayTest/JoyWayTest/Content/Mannequin/Character/Materials/MaterialLayers/T_ML_Rubber_Blue_01_D.uexp" 18
"F:/dich/JoyWayTest/JoyWayTest/Content/Mannequin/Character/Materials/MaterialLayers/T_ML_Rubber_Blue_01_D.ubulk" 19
"F:/dich/JoyWayTest/JoyWayTest/Content/Mannequin/Character/Materials/MaterialLayers/T_ML_Aluminum01_N.uasset" 20
"F:/dich/JoyWayTest/JoyWayTest/Content/Mannequin/Character/Materials/MaterialLayers/T_ML_Aluminum01_N.uexp" 21
"F:/dich/JoyWayTest/JoyWayTest/Content/Mannequin/Character/Materials/MaterialLayers/T_ML_Aluminum01_N.ubulk" 22
"F:/dich/JoyWayTest/JoyWayTest/Content/Mannequin/Character/Materials/MaterialLayers/T_ML_Aluminum01.uasset" 23
"F:/dich/JoyWayTest/JoyWayTest/Content/Mannequin/Character/Materials/MaterialLayers/T_ML_Aluminum01.uexp" 24
"F:/dich/JoyWayTest/JoyWayTest/Content/Mannequin/Character/Materials/MaterialLayers/T_ML_Aluminum01.ubulk" 25
"F:/dich/JoyWayTest/JoyWayTest/Content/Mannequin/Character/Materials/MaterialLayers/ML_SoftMetal_UE4.uasset" 26
"F:/dich/JoyWayTest/JoyWayTest/Content/Mannequin/Character/Materials/MaterialLayers/ML_SoftMetal_UE4.uexp" 27
"F:/dich/JoyWayTest/JoyWayTest/Content/Mannequin/Character/Materials/MaterialLayers/ML_Plastic_Shiny_Beige_LOGO.uasset" 28
"F:/dich/JoyWayTest/JoyWayTest/Content/Mannequin/Character/Materials/MaterialLayers/ML_Plastic_Shiny_Beige_LOGO.uexp" 29
"F:/dich/JoyWayTest/JoyWayTest/Content/Mannequin/Character/Materials/MaterialLayers/ML_Plastic_Shiny_Beige.uasset" 30
"F:/dich/JoyWayTest/JoyWayTest/Content/Mannequin/Character/Materials/MaterialLayers/ML_Plastic_Shiny_Beige.uexp" 31
"F:/dich/JoyWayTest/JoyWayTest/Content/Mannequin/Character/Materials/MaterialLayers/ML_GlossyBlack_Latex_UE4.uasset" 32
"F:/dich/JoyWayTest/JoyWayTest/Content/Mannequin/Character/Materials/MaterialLayers/ML_GlossyBlack_Latex_UE4.uexp" 33
"../../../Engine/Content/Functions/Engine_MaterialFunctions02/Utility/BlendAngleCorrectedNormals.uasset" 34
"../../../Engine/Content/Functions/Engine_MaterialFunctions02/Utility/BlendAngleCorrectedNormals.uexp" 35
"../../../Engine/Content/Functions/MaterialLayerFunctions/MatLayerBlend_NormalBlend.uasset" 36
"../../../Engine/Content/Functions/MaterialLayerFunctions/MatLayerBlend_NormalBlend.uexp" 37
"../../../Engine/Content/Functions/MaterialLayerFunctions/MatLayerBlend_Simple.uasset" 38
"../../../Engine/Content/Functions/MaterialLayerFunctions/MatLayerBlend_Simple.uexp" 39
"F:/dich/JoyWayTest/JoyWayTest/Content/Mannequin/Character/Materials/M_Male_Body.uasset" 40
"F:/dich/JoyWayTest/JoyWayTest/Content/Mannequin/Character/Materials/M_Male_Body.uexp" 41
"F:/dich/JoyWayTest/JoyWayTest/Content/Mannequin/Character/Materials/M_UE4Man_ChestLogo.uasset" 42
"F:/dich/JoyWayTest/JoyWayTest/Content/Mannequin/Character/Materials/M_UE4Man_ChestLogo.uexp" 43
"F:/dich/JoyWayTest/JoyWayTest/Content/Mannequin/Character/Mesh/UE4_Mannequin_Skeleton.uasset" 44
"F:/dich/JoyWayTest/JoyWayTest/Content/Mannequin/Character/Mesh/UE4_Mannequin_Skeleton.uexp" 45
"F:/dich/JoyWayTest/JoyWayTest/Content/Mannequin/Character/Mesh/SK_Mannequin.uasset" 46
"F:/dich/JoyWayTest/JoyWayTest/Content/Mannequin/Character/Mesh/SK_Mannequin.uexp" 47
"F:/dich/JoyWayTest/JoyWayTest/Content/Mannequin/Animations/ThirdPersonWalk.uasset" 48
"F:/dich/JoyWayTest/JoyWayTest/Content/Mannequin/Animations/ThirdPersonWalk.uexp" 49
"F:/dich/JoyWayTest/JoyWayTest/Content/Mannequin/Animations/ThirdPersonRun.uasset" 50
"F:/dich/JoyWayTest/JoyWayTest/Content/Mannequin/Animations/ThirdPersonRun.uexp" 51
"F:/dich/JoyWayTest/JoyWayTest/Content/Mannequin/Animations/ThirdPersonIdle.uasset" 52
"F:/dich/JoyWayTest/JoyWayTest/Content/Mannequin/Animations/ThirdPersonIdle.uexp" 53
"F:/dich/JoyWayTest/JoyWayTest/Content/Mannequin/Animations/ThirdPerson_IdleRun_2D.uasset" 54
"F:/dich/JoyWayTest/JoyWayTest/Content/Mannequin/Animations/ThirdPerson_IdleRun_2D.uexp" 55
"F:/dich/JoyWayTest/JoyWayTest/Content/Mannequin/Animations/ThirdPerson_Jump.uasset" 56
"F:/dich/JoyWayTest/JoyWayTest/Content/Mannequin/Animations/ThirdPerson_Jump.uexp" 57
"F:/dich/JoyWayTest/JoyWayTest/Content/Mannequin/Animations/ThirdPersonJump_Start.uasset" 58
"F:/dich/JoyWayTest/JoyWayTest/Content/Mannequin/Animations/ThirdPersonJump_Start.uexp" 59
"F:/dich/JoyWayTest/JoyWayTest/Content/Mannequin/Animations/ThirdPersonJump_Loop.uasset" 60
"F:/dich/JoyWayTest/JoyWayTest/Content/Mannequin/Animations/ThirdPersonJump_Loop.uexp" 61
"../../../Engine/Content/EditorBlueprintResources/StandardMacros.uasset" 62
"../../../Engine/Content/EditorBlueprintResources/StandardMacros.uexp" 63
"F:/dich/JoyWayTest/JoyWayTest/Content/Mannequin/Animations/ThirdPerson_AnimBP.uasset" 64
"F:/dich/JoyWayTest/JoyWayTest/Content/Mannequin/Animations/ThirdPerson_AnimBP.uexp" 65
"F:/dich/JoyWayTest/JoyWayTest/Content/ThirdPersonCPP/Blueprints/ThirdPersonCharacter.uasset" 66
"F:/dich/JoyWayTest/JoyWayTest/Content/ThirdPersonCPP/Blueprints/ThirdPersonCharacter.uexp" 67
"../../../Engine/Content/Animation/DefaultAnimBoneCompressionSettings.uasset" 68
"../../../Engine/Content/Animation/DefaultAnimBoneCompressionSettings.uexp" 69
"../../../Engine/Content/Animation/DefaultAnimCurveCompressionSettings.uasset" 70
"../../../Engine/Content/Animation/DefaultAnimCurveCompressionSettings.uexp" 71
"../../../Engine/Content/EngineMaterials/T_Default_Material_Grid_N.uasset" 72
"../../../Engine/Content/EngineMaterials/T_Default_Material_Grid_N.uexp" 73
"../../../Engine/Content/EngineMaterials/T_Default_Material_Grid_N.ubulk" 74
"../../../Engine/Content/EngineMaterials/T_Default_Material_Grid_M.uasset" 75
"../../../Engine/Content/EngineMaterials/T_Default_Material_Grid_M.uexp" 76
"../../../Engine/Content/EngineMaterials/T_Default_Material_Grid_M.ubulk" 77
"../../../Engine/Content/Functions/Engine_MaterialFunctions01/Opacity/CameraDepthFade.uasset" 78
"../../../Engine/Content/Functions/Engine_MaterialFunctions01/Opacity/CameraDepthFade.uexp" 79
"../../../Engine/Content/EngineMaterials/WorldGridMaterial.uasset" 80
"../../../Engine/Content/EngineMaterials/WorldGridMaterial.uexp" 81
"../../../Engine/Content/ArtTools/RenderToTexture/Meshes/S_1_Unit_Plane.uasset" 82
"../../../Engine/Content/ArtTools/RenderToTexture/Meshes/S_1_Unit_Plane.uexp" 83
"../../../Engine/Content/EngineMaterials/DefaultMaterial.uasset" 84
"../../../Engine/Content/EngineMaterials/DefaultMaterial.uexp" 85
"../../../Engine/Content/BasicShapes/Cone.uasset" 86
"../../../Engine/Content/BasicShapes/Cone.uexp" 87
"../../../Engine/Content/BasicShapes/Cube.uasset" 88
"../../../Engine/Content/BasicShapes/Cube.uexp" 89
"../../../Engine/Content/BasicShapes/Plane.uasset" 90
"../../../Engine/Content/BasicShapes/Plane.uexp" 91
"../../../Engine/Content/BasicShapes/Sphere.uasset" 92
"../../../Engine/Content/BasicShapes/Sphere.uexp" 93
"../../../Engine/Content/EditorLandscapeResources/DataLayer.uasset" 94
"../../../Engine/Content/EditorLandscapeResources/DataLayer.uexp" 95
"../../../Engine/Content/EditorLandscapeResources/DefaultAlphaTexture.uasset" 96
"../../../Engine/Content/EditorLandscapeResources/DefaultAlphaTexture.uexp" 97
"../../../Engine/Content/EditorMaterials/MAT_Groups_Toggle.uasset" 98
"../../../Engine/Content/EditorMaterials/MAT_Groups_Toggle.uexp" 99
"../../../Engine/Content/EditorMaterials/MAT_Groups_Visibility.uasset" 100
"../../../Engine/Content/EditorMaterials/MAT_Groups_Visibility.uexp" 101
"../../../Engine/Content/EditorMaterials/PreviewShadowIndicator.uasset" 102
"../../../Engine/Content/EditorMaterials/PreviewShadowIndicator.uexp" 103
"../../../Engine/Content/EditorMaterials/PreviewShadowIndicator.ubulk" 104
"../../../Engine/Content/EditorMaterials/PreviewShadowIndicatorMaterial.uasset" 105
"../../../Engine/Content/EditorMaterials/PreviewShadowIndicatorMaterial.uexp" 106
"../../../Engine/Content/EditorMaterials/MatineeGroups/MAT_ColorTrack.uasset" 107
"../../../Engine/Content/EditorMaterials/MatineeGroups/MAT_ColorTrack.uexp" 108
"../../../Engine/Content/EditorMaterials/MatineeGroups/MAT_Groups_Anim.uasset" 109
"../../../Engine/Content/EditorMaterials/MatineeGroups/MAT_Groups_Anim.uexp" 110
"../../../Engine/Content/EditorMaterials/MatineeGroups/MAT_Groups_AudioMaster.uasset" 111
"../../../Engine/Content/EditorMaterials/MatineeGroups/MAT_Groups_AudioMaster.uexp" 112
"../../../Engine/Content/EditorMaterials/MatineeGroups/MAT_Groups_Director.uasset" 113
"../../../Engine/Content/EditorMaterials/MatineeGroups/MAT_Groups_Director.uexp" 114
"../../../Engine/Content/EditorMaterials/MatineeGroups/MAT_Groups_Event.uasset" 115
"../../../Engine/Content/EditorMaterials/MatineeGroups/MAT_Groups_Event.uexp" 116
"../../../Engine/Content/EditorMaterials/MatineeGroups/MAT_Groups_Fade.uasset" 117
"../../../Engine/Content/EditorMaterials/MatineeGroups/MAT_Groups_Fade.uexp" 118
"../../../Engine/Content/EditorMaterials/MatineeGroups/MAT_Groups_Float.uasset" 119
"../../../Engine/Content/EditorMaterials/MatineeGroups/MAT_Groups_Float.uexp" 120
"../../../Engine/Content/EditorMaterials/MatineeGroups/MAT_Groups_Move.uasset" 121
"../../../Engine/Content/EditorMaterials/MatineeGroups/MAT_Groups_Move.uexp" 122
"../../../Engine/Content/EditorMaterials/MatineeGroups/MAT_Groups_Slomo.uasset" 123
"../../../Engine/Content/EditorMaterials/MatineeGroups/MAT_Groups_Slomo.uexp" 124
"../../../Engine/Content/EditorMaterials/MatineeGroups/MAT_Groups_Sound.uasset" 125
"../../../Engine/Content/EditorMaterials/MatineeGroups/MAT_Groups_Sound.uexp" 126
"../../../Engine/Content/EditorMaterials/MatineeGroups/MAT_Groups_Vector.uasset" 127
"../../../Engine/Content/EditorMaterials/MatineeGroups/MAT_Groups_Vector.uexp" 128
"../../../Engine/Content/EditorMaterials/ParticleSystems/PSysThumbnail_NoImage.uasset" 129
"../../../Engine/Content/EditorMaterials/ParticleSystems/PSysThumbnail_NoImage.uexp" 130
"../../../Engine/Content/EditorMaterials/ParticleSystems/PSysThumbnail_NoImage.ubulk" 131
"../../../Engine/Content/EditorMaterials/ParticleSystems/PSysThumbnail_OOD.uasset" 132
"../../../Engine/Content/EditorMaterials/ParticleSystems/PSysThumbnail_OOD.uexp" 133
"../../../Engine/Content/EditorMaterials/ParticleSystems/PSysThumbnail_OOD.ubulk" 134
"../../../Engine/Content/EditorMaterials/Camera/CineMat.uasset" 135
"../../../Engine/Content/EditorMaterials/Camera/CineMat.uexp" 136
"../../../Engine/Content/EditorMaterials/Camera/MI_CineMat_Rig.uasset" 137
"../../../Engine/Content/EditorMaterials/Camera/MI_CineMat_Rig.uexp" 138
"../../../Engine/Content/EditorMeshes/Camera/SM_CraneRig_Arm.uasset" 139
"../../../Engine/Content/EditorMeshes/Camera/SM_CraneRig_Arm.uexp" 140
"../../../Engine/Content/EditorMeshes/Camera/SM_CraneRig_Base.uasset" 141
"../../../Engine/Content/EditorMeshes/Camera/SM_CraneRig_Base.uexp" 142
"../../../Engine/Content/EditorMeshes/Camera/SM_CraneRig_Body.uasset" 143
"../../../Engine/Content/EditorMeshes/Camera/SM_CraneRig_Body.uexp" 144
"../../../Engine/Content/EditorMeshes/Camera/SM_CraneRig_Mount.uasset" 145
"../../../Engine/Content/EditorMeshes/Camera/SM_CraneRig_Mount.uexp" 146
"../../../Engine/Content/EditorMeshes/Camera/SM_RailRig_Mount.uasset" 147
"../../../Engine/Content/EditorMeshes/Camera/SM_RailRig_Mount.uexp" 148
"../../../Engine/Content/EditorMeshes/Camera/SM_RailRig_Track.uasset" 149
"../../../Engine/Content/EditorMeshes/Camera/SM_RailRig_Track.uexp" 150
"../../../Engine/Content/EditorResources/BSPVertex.uasset" 151
"../../../Engine/Content/EditorResources/BSPVertex.uexp" 152
"../../../Engine/Content/EditorResources/EmptyActor.uasset" 153
"../../../Engine/Content/EditorResources/EmptyActor.uexp" 154
"../../../Engine/Content/EditorResources/S_Actor.uasset" 155
"../../../Engine/Content/EditorResources/S_Actor.uexp" 156
"../../../Engine/Content/EditorResources/S_Actor.ubulk" 157
"../../../Engine/Content/EditorResources/S_Note.uasset" 158
"../../../Engine/Content/EditorResources/S_Note.uexp" 159
"../../../Engine/Content/EditorResources/S_Note.ubulk" 160
"../../../Engine/Content/EditorResources/S_Solver.uasset" 161
"../../../Engine/Content/EditorResources/S_Solver.uexp" 162
"../../../Engine/Content/EditorResources/S_Solver.ubulk" 163
"../../../Engine/Content/EditorResources/S_Terrain.uasset" 164
"../../../Engine/Content/EditorResources/S_Terrain.uexp" 165
"../../../Engine/Content/EditorResources/S_Terrain.ubulk" 166
"../../../Engine/Content/EditorResources/S_Trigger.uasset" 167
"../../../Engine/Content/EditorResources/S_Trigger.uexp" 168
"../../../Engine/Content/EditorResources/S_Trigger.ubulk" 169
"../../../Engine/Content/EditorResources/LightIcons/S_LightError.uasset" 170
"../../../Engine/Content/EditorResources/LightIcons/S_LightError.uexp" 171
"../../../Engine/Content/EditorResources/SequenceRecorder/Countdown.uasset" 172
"../../../Engine/Content/EditorResources/SequenceRecorder/Countdown.uexp" 173
"../../../Engine/Content/EditorResources/SequenceRecorder/RecordingIndicator.uasset" 174
"../../../Engine/Content/EditorResources/SequenceRecorder/RecordingIndicator.uexp" 175
"../../../Engine/Content/EngineDamageTypes/DmgTypeBP_Environmental.uasset" 176
"../../../Engine/Content/EngineDamageTypes/DmgTypeBP_Environmental.uexp" 177
"../../../Engine/Content/EngineDebugMaterials/DebugEditorMaterial.uasset" 178
"../../../Engine/Content/EngineDebugMaterials/DebugEditorMaterial.uexp" 179
"../../../Engine/Content/EngineDebugMaterials/DebugMeshMaterial.uasset" 180
"../../../Engine/Content/EngineDebugMaterials/DebugMeshMaterial.uexp" 181
"../../../Engine/Content/EngineDebugMaterials/M_SimpleUnlitTranslucent.uasset" 182
"../../../Engine/Content/EngineDebugMaterials/M_SimpleUnlitTranslucent.uexp" 183
"../../../Engine/Content/EngineDebugMaterials/VolumeToRender.uasset" 184
"../../../Engine/Content/EngineDebugMaterials/VolumeToRender.uexp" 185
"../../../Engine/Content/Functions/Engine_MaterialFunctions02/Utility/CameraDirectionVector.uasset" 186
"../../../Engine/Content/Functions/Engine_MaterialFunctions02/Utility/CameraDirectionVector.uexp" 187
"../../../Engine/Content/EngineDebugMaterials/M_VolumeRenderSphereTracePP.uasset" 188
"../../../Engine/Content/EngineDebugMaterials/M_VolumeRenderSphereTracePP.uexp" 189
"../../../Engine/Content/Functions/Engine_MaterialFunctions01/Shading/ConvertFromDiffSpec.uasset" 190
"../../../Engine/Content/Functions/Engine_MaterialFunctions01/Shading/ConvertFromDiffSpec.uexp" 191
"../../../Engine/Content/EngineDebugMaterials/VertexColorMaterial.uasset" 192
"../../../Engine/Content/EngineDebugMaterials/VertexColorMaterial.uexp" 193
"../../../Engine/Content/EngineDebugMaterials/WireframeMaterial.uasset" 194
"../../../Engine/Content/EngineDebugMaterials/WireframeMaterial.uexp" 195
"../../../Engine/Content/EngineFonts/Faces/RobotoRegular.uasset" 196
"../../../Engine/Content/EngineFonts/Faces/RobotoRegular.uexp" 197
"../../../Engine/Content/EngineFonts/Faces/RobotoRegular.ufont" 198
"../../../Engine/Content/EngineFonts/Faces/RobotoLight.uasset" 199
"../../../Engine/Content/EngineFonts/Faces/RobotoLight.uexp" 200
"../../../Engine/Content/EngineFonts/Faces/RobotoLight.ufont" 201
"../../../Engine/Content/EngineFonts/Faces/RobotoItalic.uasset" 202
"../../../Engine/Content/EngineFonts/Faces/RobotoItalic.uexp" 203
"../../../Engine/Content/EngineFonts/Faces/RobotoItalic.ufont" 204
"../../../Engine/Content/EngineFonts/Faces/RobotoBoldItalic.uasset" 205
"../../../Engine/Content/EngineFonts/Faces/RobotoBoldItalic.uexp" 206
"../../../Engine/Content/EngineFonts/Faces/RobotoBoldItalic.ufont" 207
"../../../Engine/Content/EngineFonts/Faces/RobotoBold.uasset" 208
"../../../Engine/Content/EngineFonts/Faces/RobotoBold.uexp" 209
"../../../Engine/Content/EngineFonts/Faces/RobotoBold.ufont" 210
"../../../Engine/Content/EngineFonts/Faces/DroidSansFallback.uasset" 211
"../../../Engine/Content/EngineFonts/Faces/DroidSansFallback.uexp" 212
"../../../Engine/Content/EngineFonts/Faces/DroidSansFallback.ufont" 213
"../../../Engine/Content/EngineFonts/Roboto.uasset" 214
"../../../Engine/Content/EngineFonts/Roboto.uexp" 215
"../../../Engine/Content/EngineMaterials/BaseFlattenNormalMap.uasset" 216
"../../../Engine/Content/EngineMaterials/BaseFlattenNormalMap.uexp" 217
"../../../Engine/Content/EngineMaterials/BaseFlattenGrayscaleMap.uasset" 218
"../../../Engine/Content/EngineMaterials/BaseFlattenGrayscaleMap.uexp" 219
"../../../Engine/Content/EngineMaterials/BaseFlattenEmissiveMap.uasset" 220
"../../../Engine/Content/EngineMaterials/BaseFlattenEmissiveMap.uexp" 221
"../../../Engine/Content/EngineMaterials/BaseFlattenDiffuseMap.uasset" 222
"../../../Engine/Content/EngineMaterials/BaseFlattenDiffuseMap.uexp" 223
"../../../Engine/Content/EngineMaterials/BaseFlattenMaterial.uasset" 224
"../../../Engine/Content/EngineMaterials/BaseFlattenMaterial.uexp" 225
"../../../Engine/Content/EngineMaterials/BlueNoise.uasset" 226
"../../../Engine/Content/EngineMaterials/BlueNoise.uexp" 227
"../../../Engine/Content/EngineMaterials/DefaultBloomKernel.uasset" 228
"../../../Engine/Content/EngineMaterials/DefaultBloomKernel.uexp" 229
"../../../Engine/Content/EngineMaterials/DefaultBokeh.uasset" 230
"../../../Engine/Content/EngineMaterials/DefaultBokeh.uexp" 231
"../../../Engine/Content/EngineMaterials/DefaultDiffuse.uasset" 232
"../../../Engine/Content/EngineMaterials/DefaultDiffuse.uexp" 233
"../../../Engine/Content/EngineMaterials/DefaultDiffuse.ubulk" 234
"../../../Engine/Content/EngineMaterials/DefaultDeferredDecalMaterial.uasset" 235
"../../../Engine/Content/EngineMaterials/DefaultDeferredDecalMaterial.uexp" 236
"../../../Engine/Content/EngineMaterials/DefaultLightFunctionMaterial.uasset" 237
"../../../Engine/Content/EngineMaterials/DefaultLightFunctionMaterial.uexp" 238
"../../../Engine/Content/EngineMaterials/DefaultPhysicalMaterial.uasset" 239
"../../../Engine/Content/EngineMaterials/DefaultPhysicalMaterial.uexp" 240
"../../../Engine/Content/Functions/Engine_MaterialFunctions02/Utility/BreakOutFloat2Components.uasset" 241
"../../../Engine/Content/Functions/Engine_MaterialFunctions02/Utility/BreakOutFloat2Components.uexp" 242
"../../../Engine/Content/EngineMaterials/DefaultPostProcessMaterial.uasset" 243
"../../../Engine/Content/EngineMaterials/DefaultPostProcessMaterial.uexp" 244
"../../../Engine/Content/EngineFonts/RobotoDistanceField.uasset" 245
"../../../Engine/Content/EngineFonts/RobotoDistanceField.uexp" 246
"../../../Engine/Content/EngineMaterials/DefaultTextMaterialOpaque.uasset" 247
"../../../Engine/Content/EngineMaterials/DefaultTextMaterialOpaque.uexp" 248
"../../../Engine/Content/EngineMaterials/DefaultWhiteGrid.uasset" 249
"../../../Engine/Content/EngineMaterials/DefaultWhiteGrid.uexp" 250
"../../../Engine/Content/EngineMaterials/DefaultWhiteGrid.ubulk" 251
"../../../Engine/Content/EngineMaterials/DefaultWhiteGrid_Low.uasset" 252
"../../../Engine/Content/EngineMaterials/DefaultWhiteGrid_Low.uexp" 253
"../../../Engine/Content/EngineMaterials/EmissiveMeshMaterial.uasset" 254
"../../../Engine/Content/EngineMaterials/EmissiveMeshMaterial.uexp" 255
"../../../Engine/Content/EngineMaterials/GizmoMaterial.uasset" 256
"../../../Engine/Content/EngineMaterials/GizmoMaterial.uexp" 257
"../../../Engine/Content/EngineMaterials/Good64x64TilingNoiseHighFreq.uasset" 258
"../../../Engine/Content/EngineMaterials/Good64x64TilingNoiseHighFreq.uexp" 259
"../../../Engine/Content/EngineMaterials/MiniFont.uasset" 260
"../../../Engine/Content/EngineMaterials/MiniFont.uexp" 261
"../../../Engine/Content/EngineMaterials/InvalidLightmapSettings.uasset" 262
"../../../Engine/Content/EngineMaterials/InvalidLightmapSettings.uexp" 263
"../../../Engine/Content/EngineMaterials/InvalidLightmapSettings.ubulk" 264
"../../../Engine/Content/EngineMaterials/M_InvalidLightmapSettings.uasset" 265
"../../../Engine/Content/EngineMaterials/M_InvalidLightmapSettings.uexp" 266
"../../../Engine/Content/Functions/Engine_MaterialFunctions02/WorldPositionOffset/CameraOffset.uasset" 267
"../../../Engine/Content/Functions/Engine_MaterialFunctions02/WorldPositionOffset/CameraOffset.uexp" 268
"../../../Engine/Content/EngineMaterials/PhAT_JointLimitMaterial.uasset" 269
"../../../Engine/Content/EngineMaterials/PhAT_JointLimitMaterial.uexp" 270
"../../../Engine/Content/EngineMaterials/DefaultCalibrationColor.uasset" 271
"../../../Engine/Content/EngineMaterials/DefaultCalibrationColor.uexp" 272
"../../../Engine/Content/EngineMaterials/PPM_DefaultCalibrationColor.uasset" 273
"../../../Engine/Content/EngineMaterials/PPM_DefaultCalibrationColor.uexp" 274
"../../../Engine/Content/EngineMaterials/DefaultCalibrationGrayscale.uasset" 275
"../../../Engine/Content/EngineMaterials/DefaultCalibrationGrayscale.uexp" 276
"../../../Engine/Content/EngineMaterials/PPM_DefaultCalibrationGrayscale.uasset" 277
"../../../Engine/Content/EngineMaterials/PPM_DefaultCalibrationGrayscale.uexp" 278
"../../../Engine/Content/EngineMaterials/PreintegratedSkinBRDF.uasset" 279
"../../../Engine/Content/EngineMaterials/PreintegratedSkinBRDF.uexp" 280
"../../../Engine/Content/EngineMaterials/RemoveSurfaceMaterial.uasset" 281
"../../../Engine/Content/EngineMaterials/RemoveSurfaceMaterial.uexp" 282
"../../../Engine/Content/EngineMaterials/WeightMapPlaceholderTexture.uasset" 283
"../../../Engine/Content/EngineMaterials/WeightMapPlaceholderTexture.uexp" 284
"../../../Engine/Content/EngineResources/WhiteSquareTexture.uasset" 285
"../../../Engine/Content/EngineResources/WhiteSquareTexture.uexp" 286
"../../../Engine/Content/EngineMaterials/Widget3DPassThrough.uasset" 287
"../../../Engine/Content/EngineMaterials/Widget3DPassThrough.uexp" 288
"../../../Engine/Content/EngineMaterials/Widget3DPassThrough_Masked.uasset" 289
"../../../Engine/Content/EngineMaterials/Widget3DPassThrough_Masked.uexp" 290
"../../../Engine/Content/EngineMaterials/Widget3DPassThrough_Opaque.uasset" 291
"../../../Engine/Content/EngineMaterials/Widget3DPassThrough_Opaque.uexp" 292
"../../../Engine/Content/EngineMaterials/Widget3DPassThrough_Masked_OneSided.uasset" 293
"../../../Engine/Content/EngineMaterials/Widget3DPassThrough_Masked_OneSided.uexp" 294
"../../../Engine/Content/EngineMaterials/Widget3DPassThrough_Opaque_OneSided.uasset" 295
"../../../Engine/Content/EngineMaterials/Widget3DPassThrough_Opaque_OneSided.uexp" 296
"../../../Engine/Content/EngineMaterials/Widget3DPassThrough_Translucent.uasset" 297
"../../../Engine/Content/EngineMaterials/Widget3DPassThrough_Translucent.uexp" 298
"../../../Engine/Content/EngineMaterials/Widget3DPassThrough_Translucent_OneSided.uasset" 299
"../../../Engine/Content/EngineMaterials/Widget3DPassThrough_Translucent_OneSided.uexp" 300
"../../../Engine/Content/EngineMeshes/Cylinder.uasset" 301
"../../../Engine/Content/EngineMeshes/Cylinder.uexp" 302
"../../../Engine/Content/EngineMeshes/Sphere.uasset" 303
"../../../Engine/Content/EngineMeshes/Sphere.uexp" 304
"../../../Engine/Content/EngineResources/DefaultTexture.uasset" 305
"../../../Engine/Content/EngineResources/DefaultTexture.uexp" 306
"../../../Engine/Content/EngineResources/DefaultTexture.ubulk" 307
"../../../Engine/Content/EngineResources/DefaultTextureCube.uasset" 308
"../../../Engine/Content/EngineResources/DefaultTextureCube.uexp" 309
"../../../Engine/Content/EngineResources/DefaultVolumeTexture2D.uasset" 310
"../../../Engine/Content/EngineResources/DefaultVolumeTexture2D.uexp" 311
"../../../Engine/Content/EngineResources/DefaultVolumeTexture.uasset" 312
"../../../Engine/Content/EngineResources/DefaultVolumeTexture.uexp" 313
"../../../Engine/Content/EngineResources/GradientTexture0.uasset" 314
"../../../Engine/Content/EngineResources/GradientTexture0.uexp" 315
"../../../Engine/Content/EngineSky/VolumetricClouds/T_NoiseShape64.uasset" 316
"../../../Engine/Content/EngineSky/VolumetricClouds/T_NoiseShape64.uexp" 317
"../../../Engine/Content/EngineSky/VolumetricClouds/T_NoiseShape64.ubulk" 318
"../../../Engine/Content/EngineSky/VolumetricClouds/T_VolumeNoiseShape64.uasset" 319
"../../../Engine/Content/EngineSky/VolumetricClouds/T_VolumeNoiseShape64.uexp" 320
"../../../Engine/Content/EngineSky/VolumetricClouds/T_NoiseErosion.uasset" 321
"../../../Engine/Content/EngineSky/VolumetricClouds/T_NoiseErosion.uexp" 322
"../../../Engine/Content/EngineSky/VolumetricClouds/T_NoiseErosion.ubulk" 323
"../../../Engine/Content/EngineSky/VolumetricClouds/T_VolumeNoiseErosion32.uasset" 324
"../../../Engine/Content/EngineSky/VolumetricClouds/T_VolumeNoiseErosion32.uexp" 325
"../../../Engine/Content/EngineSky/VolumetricClouds/CloudWeatherTexture.uasset" 326
"../../../Engine/Content/EngineSky/VolumetricClouds/CloudWeatherTexture.uexp" 327
"../../../Engine/Content/EngineSky/VolumetricClouds/CloudGradientTexture.uasset" 328
"../../../Engine/Content/EngineSky/VolumetricClouds/CloudGradientTexture.uexp" 329
"../../../Engine/Content/Functions/Engine_MaterialFunctions02/Utility/MakeFloat2.uasset" 330
"../../../Engine/Content/Functions/Engine_MaterialFunctions02/Utility/MakeFloat2.uexp" 331
"../../../Engine/Content/EngineSky/VolumetricClouds/m_SimpleVolumetricCloud.uasset" 332
"../../../Engine/Content/EngineSky/VolumetricClouds/m_SimpleVolumetricCloud.uexp" 333
"../../../Engine/Content/EngineSky/VolumetricClouds/m_SimpleVolumetricCloud_Inst.uasset" 334
"../../../Engine/Content/EngineSky/VolumetricClouds/m_SimpleVolumetricCloud_Inst.uexp" 335
"../../../Engine/Content/EngineSounds/Master.uasset" 336
"../../../Engine/Content/EngineSounds/Master.uexp" 337
"../../../Engine/Content/Functions/Engine_MaterialFunctions01/Shading/PowerToRoughness.uasset" 338
"../../../Engine/Content/Functions/Engine_MaterialFunctions01/Shading/PowerToRoughness.uexp" 339
"../../../Engine/Content/Maps/Templates/Thumbnails/Default.uasset" 340
"../../../Engine/Content/Maps/Templates/Thumbnails/Default.uexp" 341
"../../../Engine/Content/Maps/Templates/Thumbnails/TimeOfDay.uasset" 342
"../../../Engine/Content/Maps/Templates/Thumbnails/TimeOfDay.uexp" 343
"../../../Engine/Content/Maps/Templates/Thumbnails/VR-Basic.uasset" 344
"../../../Engine/Content/Maps/Templates/Thumbnails/VR-Basic.uexp" 345
"../../../Engine/Content/MobileResources/T_MobileControls_texture.uasset" 346
"../../../Engine/Content/MobileResources/T_MobileControls_texture.uexp" 347
"../../../Engine/Content/MobileResources/T_MobileMenu2.uasset" 348
"../../../Engine/Content/MobileResources/T_MobileMenu2.uexp" 349
"../../../Engine/Content/MobileResources/HUD/AnalogHat.uasset" 350
"../../../Engine/Content/MobileResources/HUD/AnalogHat.uexp" 351
"../../../Engine/Content/MobileResources/HUD/VirtualJoystick_Thumb.uasset" 352
"../../../Engine/Content/MobileResources/HUD/VirtualJoystick_Thumb.uexp" 353
"../../../Engine/Content/MobileResources/HUD/VirtualJoystick_Background.uasset" 354
"../../../Engine/Content/MobileResources/HUD/VirtualJoystick_Background.uexp" 355
"../../../Engine/Content/MobileResources/HUD/DefaultVirtualJoysticks.uasset" 356
"../../../Engine/Content/MobileResources/HUD/DefaultVirtualJoysticks.uexp" 357
"../../../Engine/Content/MobileResources/HUD/LeftVirtualJoystickOnly.uasset" 358
"../../../Engine/Content/MobileResources/HUD/LeftVirtualJoystickOnly.uexp" 359
"../../../Engine/Content/MobileResources/HUD/MobileHUDButton1_off.uasset" 360
"../../../Engine/Content/MobileResources/HUD/MobileHUDButton1_off.uexp" 361
"../../../Engine/Content/MobileResources/HUD/MobileHUDButton1_on.uasset" 362
"../../../Engine/Content/MobileResources/HUD/MobileHUDButton1_on.uexp" 363
"../../../Engine/Content/MobileResources/HUD/MobileHUDButton2_off.uasset" 364
"../../../Engine/Content/MobileResources/HUD/MobileHUDButton2_off.uexp" 365
"../../../Engine/Content/MobileResources/HUD/MobileHUDButton2_on.uasset" 366
"../../../Engine/Content/MobileResources/HUD/MobileHUDButton2_on.uexp" 367
"../../../Engine/Content/MobileResources/HUD/MobileHUDButton3.uasset" 368
"../../../Engine/Content/MobileResources/HUD/MobileHUDButton3.uexp" 369
"../../../Engine/Content/MobileResources/HUD/MobileHUDButtonFire.uasset" 370
"../../../Engine/Content/MobileResources/HUD/MobileHUDButtonFire.uexp" 371
"../../../Engine/Content/MobileResources/HUD/MobileHUDDirectionPad.uasset" 372
"../../../Engine/Content/MobileResources/HUD/MobileHUDDirectionPad.uexp" 373
"../../../Engine/Content/MobileResources/HUD/MobileHUDDirectionPad2.uasset" 374
"../../../Engine/Content/MobileResources/HUD/MobileHUDDirectionPad2.uexp" 375
"../../../Engine/Content/MobileResources/HUD/MobileHUDDirectionPad3.uasset" 376
"../../../Engine/Content/MobileResources/HUD/MobileHUDDirectionPad3.uexp" 377
"../../../Engine/Content/MobileResources/HUD/MobileHUDDirectionStick.uasset" 378
"../../../Engine/Content/MobileResources/HUD/MobileHUDDirectionStick.uexp" 379
"../../../Engine/Content/MobileResources/HUD/T_Castle_ThumbstickInner.uasset" 380
"../../../Engine/Content/MobileResources/HUD/T_Castle_ThumbstickInner.uexp" 381
"../../../Engine/Content/MobileResources/HUD/T_Castle_ThumbstickOutter.uasset" 382
"../../../Engine/Content/MobileResources/HUD/T_Castle_ThumbstickOutter.uexp" 383
"../../../Engine/Content/Tutorial/ContentIntroCurve.uasset" 384
"../../../Engine/Content/Tutorial/ContentIntroCurve.uexp" 385
"../../../Engine/Content/Tutorial/Basics/TutorialAssets/icon_tab_Levels_40x.uasset" 386
"../../../Engine/Content/Tutorial/Basics/TutorialAssets/icon_tab_Levels_40x.uexp" 387
"../../../Engine/Content/Tutorial/BlueprintTutorials/TutorialAssets/Blueprint_64x.uasset" 388
"../../../Engine/Content/Tutorial/BlueprintTutorials/TutorialAssets/Blueprint_64x.uexp" 389
"../../../Engine/Content/VREditor/TransformGizmo/TranslucentTransformGizmoMaterial.uasset" 390
"../../../Engine/Content/VREditor/TransformGizmo/TranslucentTransformGizmoMaterial.uexp" 391
"../../../Engine/Content/VREditor/LaserPointer/VR_LaserPower_01.uasset" 392
"../../../Engine/Content/VREditor/LaserPointer/VR_LaserPower_01.uexp" 393
"../../../Engine/Content/VREditor/LaserPointer/VR_LaserPower_01.ubulk" 394
"../../../Engine/Content/VREditor/TransformGizmo/TransformGizmoMaterial.uasset" 395
"../../../Engine/Content/VREditor/TransformGizmo/TransformGizmoMaterial.uexp" 396
"../../../Engine/Content/VREditor/TransformGizmo/BoundingBoxCorner.uasset" 397
"../../../Engine/Content/VREditor/TransformGizmo/BoundingBoxCorner.uexp" 398
"../../../Engine/Content/VREditor/TransformGizmo/BoundingBoxEdge.uasset" 399
"../../../Engine/Content/VREditor/TransformGizmo/BoundingBoxEdge.uexp" 400
"../../../Engine/Content/VREditor/TransformGizmo/PlaneTranslationHandle.uasset" 401
"../../../Engine/Content/VREditor/TransformGizmo/PlaneTranslationHandle.uexp" 402
"../../../Engine/Content/VREditor/TransformGizmo/Xray.uasset" 403
"../../../Engine/Content/VREditor/TransformGizmo/Xray.uexp" 404
"../../../Engine/Content/VREditor/TransformGizmo/Main.uasset" 405
"../../../Engine/Content/VREditor/TransformGizmo/Main.uexp" 406
"../../../Engine/Content/VREditor/TransformGizmo/SM_Sequencer_Key.uasset" 407
"../../../Engine/Content/VREditor/TransformGizmo/SM_Sequencer_Key.uexp" 408
"../../../Engine/Content/VREditor/TransformGizmo/SM_Sequencer_Node.uasset" 409
"../../../Engine/Content/VREditor/TransformGizmo/SM_Sequencer_Node.uexp" 410
"../../../Engine/Plugins/2D/Paper2D/Content/PlaceholderTextures/DummySpriteTexture.uasset" 411
"../../../Engine/Plugins/2D/Paper2D/Content/PlaceholderTextures/DummySpriteTexture.uexp" 412
"../../../Engine/Plugins/2D/Paper2D/Content/PlaceholderTextures/DummySpriteTexture.ubulk" 413
"../../../Engine/Plugins/2D/Paper2D/Content/DummySprite.uasset" 414
"../../../Engine/Plugins/2D/Paper2D/Content/DummySprite.uexp" 415
"../../../Engine/Plugins/2D/Paper2D/Content/DefaultPaperTerrainMaterial.uasset" 416
"../../../Engine/Plugins/2D/Paper2D/Content/DefaultPaperTerrainMaterial.uexp" 417
"../../../Engine/Plugins/2D/Paper2D/Content/DefaultSpriteMaterial.uasset" 418
"../../../Engine/Plugins/2D/Paper2D/Content/DefaultSpriteMaterial.uexp" 419
"../../../Engine/Plugins/2D/Paper2D/Content/MaskedUnlitSpriteMaterial.uasset" 420
"../../../Engine/Plugins/2D/Paper2D/Content/MaskedUnlitSpriteMaterial.uexp" 421
"../../../Engine/Plugins/2D/Paper2D/Content/OpaqueUnlitSpriteMaterial.uasset" 422
"../../../Engine/Plugins/2D/Paper2D/Content/OpaqueUnlitSpriteMaterial.uexp" 423
"../../../Engine/Plugins/Editor/SpeedTreeImporter/Content/SpeedTree9/SpeedTreeBillboard.uasset" 424
"../../../Engine/Plugins/Editor/SpeedTreeImporter/Content/SpeedTree9/SpeedTreeBillboard.uexp" 425
"../../../Engine/Plugins/Editor/SpeedTreeImporter/Content/SpeedTree9/game_wind_noise.uasset" 426
"../../../Engine/Plugins/Editor/SpeedTreeImporter/Content/SpeedTree9/game_wind_noise.uexp" 427
"../../../Engine/Plugins/Editor/SpeedTreeImporter/Content/SpeedTree9/game_wind_noise.ubulk" 428
"../../../Engine/Plugins/Editor/SpeedTreeImporter/Content/SpeedTree9/EmptyNormal.uasset" 429
"../../../Engine/Plugins/Editor/SpeedTreeImporter/Content/SpeedTree9/EmptyNormal.uexp" 430
"../../../Engine/Plugins/Editor/SpeedTreeImporter/Content/SpeedTree9/Empty.uasset" 431
"../../../Engine/Plugins/Editor/SpeedTreeImporter/Content/SpeedTree9/Empty.uexp" 432
"../../../Engine/Content/Functions/Engine_MaterialFunctions02/Utility/BreakOutFloat3Components.uasset" 433
"../../../Engine/Content/Functions/Engine_MaterialFunctions02/Utility/BreakOutFloat3Components.uexp" 434
"../../../Engine/Plugins/Editor/SpeedTreeImporter/Content/SpeedTree9/UnpackInteger3.uasset" 435
"../../../Engine/Plugins/Editor/SpeedTreeImporter/Content/SpeedTree9/UnpackInteger3.uexp" 436
"../../../Engine/Plugins/Editor/SpeedTreeImporter/Content/SpeedTree9/UnpackDirection.uasset" 437
"../../../Engine/Plugins/Editor/SpeedTreeImporter/Content/SpeedTree9/UnpackDirection.uexp" 438
"../../../Engine/Content/Functions/Engine_MaterialFunctions02/SafeNormalize.uasset" 439
"../../../Engine/Content/Functions/Engine_MaterialFunctions02/SafeNormalize.uexp" 440
"../../../Engine/Plugins/Editor/SpeedTreeImporter/Content/SpeedTree9/SpeedTreeWindMotion.uasset" 441
"../../../Engine/Plugins/Editor/SpeedTreeImporter/Content/SpeedTree9/SpeedTreeWindMotion.uexp" 442
"../../../Engine/Plugins/Editor/SpeedTreeImporter/Content/SpeedTree9/SpeedTreeBranchMotion.uasset" 443
"../../../Engine/Plugins/Editor/SpeedTreeImporter/Content/SpeedTree9/SpeedTreeBranchMotion.uexp" 444
"../../../Engine/Content/Functions/Engine_MaterialFunctions02/ObjectLocalBounds.uasset" 445
"../../../Engine/Content/Functions/Engine_MaterialFunctions02/ObjectLocalBounds.uexp" 446
"../../../Engine/Content/Functions/Engine_MaterialFunctions02/UVs/BoundingBoxBased_0-1_UVW.uasset" 447
"../../../Engine/Content/Functions/Engine_MaterialFunctions02/UVs/BoundingBoxBased_0-1_UVW.uexp" 448
"../../../Engine/Content/Functions/Engine_MaterialFunctions02/Utility/VectorLength.uasset" 449
"../../../Engine/Content/Functions/Engine_MaterialFunctions02/Utility/VectorLength.uexp" 450
"../../../Engine/Content/Functions/Engine_MaterialFunctions02/WorldPositionOffset/ObjectScale.uasset" 451
"../../../Engine/Content/Functions/Engine_MaterialFunctions02/WorldPositionOffset/ObjectScale.uexp" 452
"../../../Engine/Plugins/Editor/SpeedTreeImporter/Content/SpeedTree9/SpeedTreeWind.uasset" 453
"../../../Engine/Plugins/Editor/SpeedTreeImporter/Content/SpeedTree9/SpeedTreeWind.uexp" 454
"../../../Engine/Plugins/Editor/SpeedTreeImporter/Content/SpeedTree9/SpeedTreeBillboardMaster.uasset" 455
"../../../Engine/Plugins/Editor/SpeedTreeImporter/Content/SpeedTree9/SpeedTreeBillboardMaster.uexp" 456
"../../../Engine/Plugins/Editor/SpeedTreeImporter/Content/SpeedTree9/SpeedTreeCameraFacing.uasset" 457
"../../../Engine/Plugins/Editor/SpeedTreeImporter/Content/SpeedTree9/SpeedTreeCameraFacing.uexp" 458
"../../../Engine/Plugins/Editor/SpeedTreeImporter/Content/SpeedTree9/SpeedTreeMaster.uasset" 459
"../../../Engine/Plugins/Editor/SpeedTreeImporter/Content/SpeedTree9/SpeedTreeMaster.uexp" 460
"../../../Engine/Content/BasicShapes/Cylinder.uasset" 461
"../../../Engine/Content/BasicShapes/Cylinder.uexp" 462
"../../../Engine/Content/ArtTools/RenderToTexture/Materials/Debug/M_Emissive_Color.uasset" 463
"../../../Engine/Content/ArtTools/RenderToTexture/Materials/Debug/M_Emissive_Color.uexp" 464
"../../../Engine/Plugins/Lumin/MagicLeapPassableWorld/Content/MagicLeapARPinInfoActor.uasset" 465
"../../../Engine/Plugins/Lumin/MagicLeapPassableWorld/Content/MagicLeapARPinInfoActor.uexp" 466
"../../../Engine/Plugins/Runtime/OpenXR/Content/Devices/GoogleDaydream/MRTexture.uasset" 467
"../../../Engine/Plugins/Runtime/OpenXR/Content/Devices/GoogleDaydream/MRTexture.uexp" 468
"../../../Engine/Plugins/Runtime/OpenXR/Content/Devices/GoogleDaydream/MRTexture.ubulk" 469
"../../../Engine/Plugins/Runtime/OpenXR/Content/Devices/GoogleDaydream/BaseTexture.uasset" 470
"../../../Engine/Plugins/Runtime/OpenXR/Content/Devices/GoogleDaydream/BaseTexture.uexp" 471
"../../../Engine/Plugins/Runtime/OpenXR/Content/Devices/GoogleDaydream/BaseTexture.ubulk" 472
"../../../Engine/Content/EngineResources/Black.uasset" 473
"../../../Engine/Content/EngineResources/Black.uexp" 474
"../../../Engine/Plugins/Runtime/OpenXR/Content/Devices/M_XRController.uasset" 475
"../../../Engine/Plugins/Runtime/OpenXR/Content/Devices/M_XRController.uexp" 476
"../../../Engine/Plugins/Runtime/OpenXR/Content/Devices/GoogleDaydream/MI_GoogleDaydream.uasset" 477
"../../../Engine/Plugins/Runtime/OpenXR/Content/Devices/GoogleDaydream/MI_GoogleDaydream.uexp" 478
"../../../Engine/Plugins/Runtime/OpenXR/Content/Devices/GoogleDaydream/GoogleDaydreamController.uasset" 479
"../../../Engine/Plugins/Runtime/OpenXR/Content/Devices/GoogleDaydream/GoogleDaydreamController.uexp" 480
"../../../Engine/Plugins/Runtime/OpenXR/Content/Devices/HTCVive/BaseTexture.uasset" 481
"../../../Engine/Plugins/Runtime/OpenXR/Content/Devices/HTCVive/BaseTexture.uexp" 482
"../../../Engine/Plugins/Runtime/OpenXR/Content/Devices/HTCVive/BaseTexture.ubulk" 483
"../../../Engine/Plugins/Runtime/OpenXR/Content/Devices/HTCVive/MI_HTCVive.uasset" 484
"../../../Engine/Plugins/Runtime/OpenXR/Content/Devices/HTCVive/MI_HTCVive.uexp" 485
"../../../Engine/Plugins/Runtime/OpenXR/Content/Devices/HTCVive/HTCViveController.uasset" 486
"../../../Engine/Plugins/Runtime/OpenXR/Content/Devices/HTCVive/HTCViveController.uexp" 487
"../../../Engine/Plugins/Runtime/OpenXR/Content/Devices/MicrosoftMixedReality/NormalTexture.uasset" 488
"../../../Engine/Plugins/Runtime/OpenXR/Content/Devices/MicrosoftMixedReality/NormalTexture.uexp" 489
"../../../Engine/Plugins/Runtime/OpenXR/Content/Devices/MicrosoftMixedReality/NormalTexture.ubulk" 490
"../../../Engine/Plugins/Runtime/OpenXR/Content/Devices/MicrosoftMixedReality/MRTexture.uasset" 491
"../../../Engine/Plugins/Runtime/OpenXR/Content/Devices/MicrosoftMixedReality/MRTexture.uexp" 492
"../../../Engine/Plugins/Runtime/OpenXR/Content/Devices/MicrosoftMixedReality/MRTexture.ubulk" 493
"../../../Engine/Plugins/Runtime/OpenXR/Content/Devices/MicrosoftMixedReality/EmissiveTexture.uasset" 494
"../../../Engine/Plugins/Runtime/OpenXR/Content/Devices/MicrosoftMixedReality/EmissiveTexture.uexp" 495
"../../../Engine/Plugins/Runtime/OpenXR/Content/Devices/MicrosoftMixedReality/EmissiveTexture.ubulk" 496
"../../../Engine/Plugins/Runtime/OpenXR/Content/Devices/MicrosoftMixedReality/BaseTexture.uasset" 497
"../../../Engine/Plugins/Runtime/OpenXR/Content/Devices/MicrosoftMixedReality/BaseTexture.uexp" 498
"../../../Engine/Plugins/Runtime/OpenXR/Content/Devices/MicrosoftMixedReality/BaseTexture.ubulk" 499
"../../../Engine/Plugins/Runtime/OpenXR/Content/Devices/MicrosoftMixedReality/MI_MicrosoftMixedReality.uasset" 500
"../../../Engine/Plugins/Runtime/OpenXR/Content/Devices/MicrosoftMixedReality/MI_MicrosoftMixedReality.uexp" 501
"../../../Engine/Plugins/Runtime/OpenXR/Content/Devices/MicrosoftMixedReality/Left/left_MicrosoftMixedRealityController.uasset" 502
"../../../Engine/Plugins/Runtime/OpenXR/Content/Devices/MicrosoftMixedReality/Left/left_MicrosoftMixedRealityController.uexp" 503
"../../../Engine/Plugins/Runtime/OpenXR/Content/Devices/MicrosoftMixedReality/Right/right_MicrosoftMixedRealityController.uasset" 504
"../../../Engine/Plugins/Runtime/OpenXR/Content/Devices/MicrosoftMixedReality/Right/right_MicrosoftMixedRealityController.uexp" 505
"../../../Engine/Plugins/Runtime/OpenXR/Content/Devices/OculusGo/BaseTexture.uasset" 506
"../../../Engine/Plugins/Runtime/OpenXR/Content/Devices/OculusGo/BaseTexture.uexp" 507
"../../../Engine/Plugins/Runtime/OpenXR/Content/Devices/OculusGo/BaseTexture.ubulk" 508
"../../../Engine/Plugins/Runtime/OpenXR/Content/Devices/OculusGo/MI_OculusGo.uasset" 509
"../../../Engine/Plugins/Runtime/OpenXR/Content/Devices/OculusGo/MI_OculusGo.uexp" 510
"../../../Engine/Plugins/Runtime/OpenXR/Content/Devices/OculusGo/OculusGoController.uasset" 511
"../../../Engine/Plugins/Runtime/OpenXR/Content/Devices/OculusGo/OculusGoController.uexp" 512
"../../../Engine/Plugins/Runtime/OpenXR/Content/Devices/OculusTouch/MRTexture.uasset" 513
"../../../Engine/Plugins/Runtime/OpenXR/Content/Devices/OculusTouch/MRTexture.uexp" 514
"../../../Engine/Plugins/Runtime/OpenXR/Content/Devices/OculusTouch/MRTexture.ubulk" 515
"../../../Engine/Plugins/Runtime/OpenXR/Content/Devices/OculusTouch/BaseTexture.uasset" 516
"../../../Engine/Plugins/Runtime/OpenXR/Content/Devices/OculusTouch/BaseTexture.uexp" 517
"../../../Engine/Plugins/Runtime/OpenXR/Content/Devices/OculusTouch/BaseTexture.ubulk" 518
"../../../Engine/Plugins/Runtime/OpenXR/Content/Devices/OculusTouch/MI_OculusTouch.uasset" 519
"../../../Engine/Plugins/Runtime/OpenXR/Content/Devices/OculusTouch/MI_OculusTouch.uexp" 520
"../../../Engine/Plugins/Runtime/OpenXR/Content/Devices/OculusTouch/Left/left_OculusTouchController.uasset" 521
"../../../Engine/Plugins/Runtime/OpenXR/Content/Devices/OculusTouch/Left/left_OculusTouchController.uexp" 522
"../../../Engine/Plugins/Runtime/OpenXR/Content/Devices/OculusTouch/Right/right_OculusTouchController.uasset" 523
"../../../Engine/Plugins/Runtime/OpenXR/Content/Devices/OculusTouch/Right/right_OculusTouchController.uexp" 524
"../../../Engine/Plugins/Runtime/OpenXR/Content/Devices/OculusTouch_v2/MRTexture.uasset" 525
"../../../Engine/Plugins/Runtime/OpenXR/Content/Devices/OculusTouch_v2/MRTexture.uexp" 526
"../../../Engine/Plugins/Runtime/OpenXR/Content/Devices/OculusTouch_v2/MRTexture.ubulk" 527
"../../../Engine/Plugins/Runtime/OpenXR/Content/Devices/OculusTouch_v2/BaseTexture.uasset" 528
"../../../Engine/Plugins/Runtime/OpenXR/Content/Devices/OculusTouch_v2/BaseTexture.uexp" 529
"../../../Engine/Plugins/Runtime/OpenXR/Content/Devices/OculusTouch_v2/BaseTexture.ubulk" 530
"../../../Engine/Plugins/Runtime/OpenXR/Content/Devices/OculusTouch_v2/MI_OculusTouch_v2.uasset" 531
"../../../Engine/Plugins/Runtime/OpenXR/Content/Devices/OculusTouch_v2/MI_OculusTouch_v2.uexp" 532
"../../../Engine/Plugins/Runtime/OpenXR/Content/Devices/OculusTouch_v2/Left/left_OculusTouch_v2Controller.uasset" 533
"../../../Engine/Plugins/Runtime/OpenXR/Content/Devices/OculusTouch_v2/Left/left_OculusTouch_v2Controller.uexp" 534
"../../../Engine/Plugins/Runtime/OpenXR/Content/Devices/OculusTouch_v2/Right/right_OculusTouch_v2Controller.uasset" 535
"../../../Engine/Plugins/Runtime/OpenXR/Content/Devices/OculusTouch_v2/Right/right_OculusTouch_v2Controller.uexp" 536
"../../../Engine/Plugins/Runtime/OpenXR/Content/Devices/OculusTouch_v3/MRTexture.uasset" 537
"../../../Engine/Plugins/Runtime/OpenXR/Content/Devices/OculusTouch_v3/MRTexture.uexp" 538
"../../../Engine/Plugins/Runtime/OpenXR/Content/Devices/OculusTouch_v3/MRTexture.ubulk" 539
"../../../Engine/Plugins/Runtime/OpenXR/Content/Devices/OculusTouch_v3/BaseTexture.uasset" 540
"../../../Engine/Plugins/Runtime/OpenXR/Content/Devices/OculusTouch_v3/BaseTexture.uexp" 541
"../../../Engine/Plugins/Runtime/OpenXR/Content/Devices/OculusTouch_v3/BaseTexture.ubulk" 542
"../../../Engine/Plugins/Runtime/OpenXR/Content/Devices/OculusTouch_v3/MI_OculusTouch_v3.uasset" 543
"../../../Engine/Plugins/Runtime/OpenXR/Content/Devices/OculusTouch_v3/MI_OculusTouch_v3.uexp" 544
"../../../Engine/Plugins/Runtime/OpenXR/Content/Devices/OculusTouch_v3/Left/left_OculusTouch_v3Controller.uasset" 545
"../../../Engine/Plugins/Runtime/OpenXR/Content/Devices/OculusTouch_v3/Left/left_OculusTouch_v3Controller.uexp" 546
"../../../Engine/Plugins/Runtime/OpenXR/Content/Devices/OculusTouch_v3/Right/right_OculusTouch_v3Controller.uasset" 547
"../../../Engine/Plugins/Runtime/OpenXR/Content/Devices/OculusTouch_v3/Right/right_OculusTouch_v3Controller.uexp" 548
"../../../Engine/Plugins/Runtime/OpenXR/Content/Devices/ValveIndex/MRTexture.uasset" 549
"../../../Engine/Plugins/Runtime/OpenXR/Content/Devices/ValveIndex/MRTexture.uexp" 550
"../../../Engine/Plugins/Runtime/OpenXR/Content/Devices/ValveIndex/MRTexture.ubulk" 551
"../../../Engine/Plugins/Runtime/OpenXR/Content/Devices/ValveIndex/BaseTexture.uasset" 552
"../../../Engine/Plugins/Runtime/OpenXR/Content/Devices/ValveIndex/BaseTexture.uexp" 553
"../../../Engine/Plugins/Runtime/OpenXR/Content/Devices/ValveIndex/BaseTexture.ubulk" 554
"../../../Engine/Plugins/Runtime/OpenXR/Content/Devices/ValveIndex/Left/MI_left_ValveIndex.uasset" 555
"../../../Engine/Plugins/Runtime/OpenXR/Content/Devices/ValveIndex/Left/MI_left_ValveIndex.uexp" 556
"../../../Engine/Plugins/Runtime/OpenXR/Content/Devices/ValveIndex/Left/left_ValveIndexController.uasset" 557
"../../../Engine/Plugins/Runtime/OpenXR/Content/Devices/ValveIndex/Left/left_ValveIndexController.uexp" 558
"../../../Engine/Plugins/Runtime/OpenXR/Content/Devices/ValveIndex/Right/MI_right_ValveIndex.uasset" 559
"../../../Engine/Plugins/Runtime/OpenXR/Content/Devices/ValveIndex/Right/MI_right_ValveIndex.uexp" 560
"../../../Engine/Plugins/Runtime/OpenXR/Content/Devices/ValveIndex/Right/right_ValveIndexController.uasset" 561
"../../../Engine/Plugins/Runtime/OpenXR/Content/Devices/ValveIndex/Right/right_ValveIndexController.uexp" 562
"../../../Engine/Content/Functions/Engine_MaterialFunctions02/Utility/BreakOutFloat4Components.uasset" 563
"../../../Engine/Content/Functions/Engine_MaterialFunctions02/Utility/BreakOutFloat4Components.uexp" 564
"../../../Engine/Content/Functions/Engine_MaterialFunctions02/Utility/MakeFloat3.uasset" 565
"../../../Engine/Content/Functions/Engine_MaterialFunctions02/Utility/MakeFloat3.uexp" 566
"../../../Engine/Plugins/Runtime/Oculus/OculusVR/Content/Materials/OculusMR_ChromaKey.uasset" 567
"../../../Engine/Plugins/Runtime/Oculus/OculusVR/Content/Materials/OculusMR_ChromaKey.uexp" 568
"../../../Engine/Plugins/Runtime/Oculus/OculusVR/Content/Materials/OculusMR_OpaqueColoredMaterial.uasset" 569
"../../../Engine/Plugins/Runtime/Oculus/OculusVR/Content/Materials/OculusMR_OpaqueColoredMaterial.uexp" 570
"../../../Engine/Plugins/Runtime/Oculus/OculusVR/Content/Materials/PokeAHoleMaterial.uasset" 571
"../../../Engine/Plugins/Runtime/Oculus/OculusVR/Content/Materials/PokeAHoleMaterial.uexp" 572
"../../../Engine/Plugins/Runtime/Oculus/OculusVR/Content/Textures/touchController_controlmap.uasset" 573
"../../../Engine/Plugins/Runtime/Oculus/OculusVR/Content/Textures/touchController_controlmap.uexp" 574
"../../../Engine/Plugins/Runtime/Oculus/OculusVR/Content/Textures/touchController_controlmap.ubulk" 575
"../../../Engine/Plugins/Runtime/Oculus/OculusVR/Content/Textures/touchController_albedo.uasset" 576
"../../../Engine/Plugins/Runtime/Oculus/OculusVR/Content/Textures/touchController_albedo.uexp" 577
"../../../Engine/Plugins/Runtime/Oculus/OculusVR/Content/Textures/touchController_albedo.ubulk" 578
"../../../Engine/Plugins/Runtime/Oculus/OculusVR/Content/Materials/touchController_mat.uasset" 579
"../../../Engine/Plugins/Runtime/Oculus/OculusVR/Content/Materials/touchController_mat.uexp" 580
"../../../Engine/Plugins/Runtime/Oculus/OculusVR/Content/Meshes/LeftTouchController.uasset" 581
"../../../Engine/Plugins/Runtime/Oculus/OculusVR/Content/Meshes/LeftTouchController.uexp" 582
"../../../Engine/Plugins/Runtime/Oculus/OculusVR/Content/Textures/TouchForQuestRiftSController_albedo.uasset" 583
"../../../Engine/Plugins/Runtime/Oculus/OculusVR/Content/Textures/TouchForQuestRiftSController_albedo.uexp" 584
"../../../Engine/Plugins/Runtime/Oculus/OculusVR/Content/Textures/TouchForQuestRiftSController_albedo.ubulk" 585
"../../../Engine/Plugins/Runtime/Oculus/OculusVR/Content/Materials/TouchForQuestRiftSControllerMaterial.uasset" 586
"../../../Engine/Plugins/Runtime/Oculus/OculusVR/Content/Materials/TouchForQuestRiftSControllerMaterial.uexp" 587
"../../../Engine/Plugins/Runtime/Oculus/OculusVR/Content/Meshes/LeftTouchForQuestRiftSController.uasset" 588
"../../../Engine/Plugins/Runtime/Oculus/OculusVR/Content/Meshes/LeftTouchForQuestRiftSController.uexp" 589
"../../../Engine/Plugins/Runtime/Oculus/OculusVR/Content/Meshes/RiftHMD.uasset" 590
"../../../Engine/Plugins/Runtime/Oculus/OculusVR/Content/Meshes/RiftHMD.uexp" 591
"../../../Engine/Plugins/Runtime/Oculus/OculusVR/Content/Meshes/RightTouchController.uasset" 592
"../../../Engine/Plugins/Runtime/Oculus/OculusVR/Content/Meshes/RightTouchController.uexp" 593
"../../../Engine/Plugins/Runtime/Oculus/OculusVR/Content/Meshes/RightTouchForQuestRiftSController.uasset" 594
"../../../Engine/Plugins/Runtime/Oculus/OculusVR/Content/Meshes/RightTouchForQuestRiftSController.uexp" 595
"F:/dich/JoyWayTest/JoyWayTest/Content/JoyWay/Core/Spawners/LevelButtonSlot.uasset" 596
"F:/dich/JoyWayTest/JoyWayTest/Content/JoyWay/Core/Spawners/LevelButtonSlot.uexp" 597
"F:/dich/JoyWayTest/JoyWayTest/Content/JoyWay/Core/Spawners/UI_LevelChanger.uasset" 598
"F:/dich/JoyWayTest/JoyWayTest/Content/JoyWay/Core/Spawners/UI_LevelChanger.uexp" 599
"F:/dich/JoyWayTest/JoyWayTest/Content/JoyWay/Core/Spawners/BP_LevelChanger.uasset" 600
"F:/dich/JoyWayTest/JoyWayTest/Content/JoyWay/Core/Spawners/BP_LevelChanger.uexp" 601
"../../../Engine/Content/EngineSky/T_Sky_Blue.uasset" 602
"../../../Engine/Content/EngineSky/T_Sky_Blue.uexp" 603
"../../../Engine/Content/EngineSky/T_Sky_Blue.ubulk" 604
"../../../Engine/Content/EngineSky/T_Sky_Stars.uasset" 605
"../../../Engine/Content/EngineSky/T_Sky_Stars.uexp" 606
"../../../Engine/Content/EngineSky/T_Sky_Stars.ubulk" 607
"../../../Engine/Content/EngineSky/T_Sky_Clouds_M.uasset" 608
"../../../Engine/Content/EngineSky/T_Sky_Clouds_M.uexp" 609
"../../../Engine/Content/EngineSky/T_Sky_Clouds_M.ubulk" 610
"../../../Engine/Content/EngineSky/M_Sky_Panning_Clouds2.uasset" 611
"../../../Engine/Content/EngineSky/M_Sky_Panning_Clouds2.uexp" 612
"../../../Engine/Content/EngineSky/SM_SkySphere.uasset" 613
"../../../Engine/Content/EngineSky/SM_SkySphere.uexp" 614
"../../../Engine/Content/EngineSky/C_Sky_Zenith_Color.uasset" 615
"../../../Engine/Content/EngineSky/C_Sky_Zenith_Color.uexp" 616
"../../../Engine/Content/EngineSky/C_Sky_Horizon_Color.uasset" 617
"../../../Engine/Content/EngineSky/C_Sky_Horizon_Color.uexp" 618
"../../../Engine/Content/EngineSky/C_Sky_Cloud_Color.uasset" 619
"../../../Engine/Content/EngineSky/C_Sky_Cloud_Color.uexp" 620
"../../../Engine/Content/EngineSky/BP_Sky_Sphere.uasset" 621
"../../../Engine/Content/EngineSky/BP_Sky_Sphere.uexp" 622
"F:/dich/JoyWayTest/JoyWayTest/Content/Geometry/Meshes/CubeMaterial.uasset" 623
"F:/dich/JoyWayTest/JoyWayTest/Content/Geometry/Meshes/CubeMaterial.uexp" 624
"F:/dich/JoyWayTest/JoyWayTest/Content/Geometry/Meshes/TemplateFloor.uasset" 625
"F:/dich/JoyWayTest/JoyWayTest/Content/Geometry/Meshes/TemplateFloor.uexp" 626
"F:/dich/JoyWayTest/JoyWayTest/Content/Geometry/Meshes/1M_Cube.uasset" 627
"F:/dich/JoyWayTest/JoyWayTest/Content/Geometry/Meshes/1M_Cube.uexp" 628
"F:/dich/JoyWayTest/JoyWayTest/Content/JoyWay/Core/WeaponModels/FBX_format/Materials/metal.uasset" 629
"F:/dich/JoyWayTest/JoyWayTest/Content/JoyWay/Core/WeaponModels/FBX_format/Materials/metal.uexp" 630
"F:/dich/JoyWayTest/JoyWayTest/Content/JoyWay/Core/WeaponModels/FBX_format/hexbase.uasset" 631
"F:/dich/JoyWayTest/JoyWayTest/Content/JoyWay/Core/WeaponModels/FBX_format/hexbase.uexp" 632
"F:/dich/JoyWayTest/JoyWayTest/Content/JoyWay/Core/Spawners/WidgetSpawner.uasset" 633
"F:/dich/JoyWayTest/JoyWayTest/Content/JoyWay/Core/Spawners/WidgetSpawner.uexp" 634
"F:/dich/JoyWayTest/JoyWayTest/Content/JoyWay/Core/WeaponModels/FBX_format/Materials/purple.uasset" 635
"F:/dich/JoyWayTest/JoyWayTest/Content/JoyWay/Core/WeaponModels/FBX_format/Materials/purple.uexp" 636
"F:/dich/JoyWayTest/JoyWayTest/Content/JoyWay/Core/WeaponModels/FBX_format/Materials/darkMetal.uasset" 637
"F:/dich/JoyWayTest/JoyWayTest/Content/JoyWay/Core/WeaponModels/FBX_format/Materials/darkMetal.uexp" 638
"F:/dich/JoyWayTest/JoyWayTest/Content/JoyWay/Core/WeaponModels/FBX_format/Materials/dark.uasset" 639
"F:/dich/JoyWayTest/JoyWayTest/Content/JoyWay/Core/WeaponModels/FBX_format/Materials/dark.uexp" 640
"F:/dich/JoyWayTest/JoyWayTest/Content/JoyWay/Core/WeaponModels/FBX_format/blasterA.uasset" 641
"F:/dich/JoyWayTest/JoyWayTest/Content/JoyWay/Core/WeaponModels/FBX_format/blasterA.uexp" 642
"F:/dich/JoyWayTest/JoyWayTest/Content/JoyWay/Core/Images/Side/blasterA.uasset" 643
"F:/dich/JoyWayTest/JoyWayTest/Content/JoyWay/Core/Images/Side/blasterA.uexp" 644
"F:/dich/JoyWayTest/JoyWayTest/Content/JoyWay/Core/Items/BP_WeaponBase.uasset" 645
"F:/dich/JoyWayTest/JoyWayTest/Content/JoyWay/Core/Items/BP_WeaponBase.uexp" 646
"F:/dich/JoyWayTest/JoyWayTest/Content/JoyWay/Core/Items/BP_ProjectileWeapon.uasset" 647
"F:/dich/JoyWayTest/JoyWayTest/Content/JoyWay/Core/Items/BP_ProjectileWeapon.uexp" 648
"F:/dich/JoyWayTest/JoyWayTest/Content/JoyWay/Core/WeaponModels/FBX_format/Materials/yellow.uasset" 649
"F:/dich/JoyWayTest/JoyWayTest/Content/JoyWay/Core/WeaponModels/FBX_format/Materials/yellow.uexp" 650
"F:/dich/JoyWayTest/JoyWayTest/Content/JoyWay/Core/WeaponModels/FBX_format/Materials/_defaultMat.uasset" 651
"F:/dich/JoyWayTest/JoyWayTest/Content/JoyWay/Core/WeaponModels/FBX_format/Materials/_defaultMat.uexp" 652
"F:/dich/JoyWayTest/JoyWayTest/Content/JoyWay/Core/WeaponModels/FBX_format/blasterE.uasset" 653
"F:/dich/JoyWayTest/JoyWayTest/Content/JoyWay/Core/WeaponModels/FBX_format/blasterE.uexp" 654
"F:/dich/JoyWayTest/JoyWayTest/Content/JoyWay/Core/Images/Side/blasterE.uasset" 655
"F:/dich/JoyWayTest/JoyWayTest/Content/JoyWay/Core/Images/Side/blasterE.uexp" 656
"F:/dich/JoyWayTest/JoyWayTest/Content/JoyWay/Core/Items/BP_HitscanWeapon.uasset" 657
"F:/dich/JoyWayTest/JoyWayTest/Content/JoyWay/Core/Items/BP_HitscanWeapon.uexp" 658
"F:/dich/JoyWayTest/JoyWayTest/Content/AnimStarterPack/UE4_Mannequin/Mesh/UE4_Mannequin_Skeleton.uasset" 659
"F:/dich/JoyWayTest/JoyWayTest/Content/AnimStarterPack/UE4_Mannequin/Mesh/UE4_Mannequin_Skeleton.uexp" 660
"F:/dich/JoyWayTest/JoyWayTest/Content/AnimStarterPack/Crouch_Idle_Rifle_Hip.uasset" 661
"F:/dich/JoyWayTest/JoyWayTest/Content/AnimStarterPack/Crouch_Idle_Rifle_Hip.uexp" 662
"F:/dich/JoyWayTest/JoyWayTest/Content/AnimStarterPack/Idle_Rifle_Hip.uasset" 663
"F:/dich/JoyWayTest/JoyWayTest/Content/AnimStarterPack/Idle_Rifle_Hip.uexp" 664
"F:/dich/JoyWayTest/JoyWayTest/Content/AnimStarterPack/Idle_Rifle_Ironsights.uasset" 665
"F:/dich/JoyWayTest/JoyWayTest/Content/AnimStarterPack/Idle_Rifle_Ironsights.uexp" 666
"F:/dich/JoyWayTest/JoyWayTest/Content/AnimStarterPack/Idle_Pistol.uasset" 667
"F:/dich/JoyWayTest/JoyWayTest/Content/AnimStarterPack/Idle_Pistol.uexp" 668
"F:/dich/JoyWayTest/JoyWayTest/Content/AnimStarterPack/BS_Weapon.uasset" 669
"F:/dich/JoyWayTest/JoyWayTest/Content/AnimStarterPack/BS_Weapon.uexp" 670
"F:/dich/JoyWayTest/JoyWayTest/Content/AnimStarterPack/Jog_Rt_Rifle.uasset" 671
"F:/dich/JoyWayTest/JoyWayTest/Content/AnimStarterPack/Jog_Rt_Rifle.uexp" 672
"F:/dich/JoyWayTest/JoyWayTest/Content/AnimStarterPack/Jog_Lt_Rifle.uasset" 673
"F:/dich/JoyWayTest/JoyWayTest/Content/AnimStarterPack/Jog_Lt_Rifle.uexp" 674
"F:/dich/JoyWayTest/JoyWayTest/Content/AnimStarterPack/Jog_Fwd_Rifle.uasset" 675
"F:/dich/JoyWayTest/JoyWayTest/Content/AnimStarterPack/Jog_Fwd_Rifle.uexp" 676
"F:/dich/JoyWayTest/JoyWayTest/Content/AnimStarterPack/Jog_Bwd_Rifle.uasset" 677
"F:/dich/JoyWayTest/JoyWayTest/Content/AnimStarterPack/Jog_Bwd_Rifle.uexp" 678
"F:/dich/JoyWayTest/JoyWayTest/Content/AnimStarterPack/BS_Jog.uasset" 679
"F:/dich/JoyWayTest/JoyWayTest/Content/AnimStarterPack/BS_Jog.uexp" 680
"F:/dich/JoyWayTest/JoyWayTest/Content/AnimStarterPack/Crouch_Walk_Rt_Rifle_Hip.uasset" 681
"F:/dich/JoyWayTest/JoyWayTest/Content/AnimStarterPack/Crouch_Walk_Rt_Rifle_Hip.uexp" 682
"F:/dich/JoyWayTest/JoyWayTest/Content/AnimStarterPack/Crouch_Walk_Lt_Rifle_Hip.uasset" 683
"F:/dich/JoyWayTest/JoyWayTest/Content/AnimStarterPack/Crouch_Walk_Lt_Rifle_Hip.uexp" 684
"F:/dich/JoyWayTest/JoyWayTest/Content/AnimStarterPack/Crouch_Walk_Bwd_Rifle_Hip.uasset" 685
"F:/dich/JoyWayTest/JoyWayTest/Content/AnimStarterPack/Crouch_Walk_Bwd_Rifle_Hip.uexp" 686
"F:/dich/JoyWayTest/JoyWayTest/Content/AnimStarterPack/Crouch_Walk_Fwd_Rifle_Hip.uasset" 687
"F:/dich/JoyWayTest/JoyWayTest/Content/AnimStarterPack/Crouch_Walk_Fwd_Rifle_Hip.uexp" 688
"F:/dich/JoyWayTest/JoyWayTest/Content/AnimStarterPack/BS_CrouchWalk.uasset" 689
"F:/dich/JoyWayTest/JoyWayTest/Content/AnimStarterPack/BS_CrouchWalk.uexp" 690
"F:/dich/JoyWayTest/JoyWayTest/Content/AnimStarterPack/Jump_From_Jog.uasset" 691
"F:/dich/JoyWayTest/JoyWayTest/Content/AnimStarterPack/Jump_From_Jog.uexp" 692
"F:/dich/JoyWayTest/JoyWayTest/Content/AnimStarterPack/Jump_From_Stand.uasset" 693
"F:/dich/JoyWayTest/JoyWayTest/Content/AnimStarterPack/Jump_From_Stand.uexp" 694
"../../../Engine/Content/Functions/MaterialLayerFunctions/MatLayerBlend_AO.uasset" 695
"../../../Engine/Content/Functions/MaterialLayerFunctions/MatLayerBlend_AO.uexp" 696
"F:/dich/JoyWayTest/JoyWayTest/Content/AnimStarterPack/UE4_Mannequin/Materials/MaterialLayers/T_ML_Rubber_Blue_01_N.uasset" 697
"F:/dich/JoyWayTest/JoyWayTest/Content/AnimStarterPack/UE4_Mannequin/Materials/MaterialLayers/T_ML_Rubber_Blue_01_N.uexp" 698
"F:/dich/JoyWayTest/JoyWayTest/Content/AnimStarterPack/UE4_Mannequin/Materials/MaterialLayers/T_ML_Rubber_Blue_01_N.ubulk" 699
"F:/dich/JoyWayTest/JoyWayTest/Content/AnimStarterPack/UE4_Mannequin/Materials/MaterialLayers/T_ML_Rubber_Blue_01_D.uasset" 700
"F:/dich/JoyWayTest/JoyWayTest/Content/AnimStarterPack/UE4_Mannequin/Materials/MaterialLayers/T_ML_Rubber_Blue_01_D.uexp" 701
"F:/dich/JoyWayTest/JoyWayTest/Content/AnimStarterPack/UE4_Mannequin/Materials/MaterialLayers/T_ML_Rubber_Blue_01_D.ubulk" 702
"F:/dich/JoyWayTest/JoyWayTest/Content/AnimStarterPack/UE4_Mannequin/Materials/MaterialLayers/ML_GlossyBlack_Latex_UE4.uasset" 703
"F:/dich/JoyWayTest/JoyWayTest/Content/AnimStarterPack/UE4_Mannequin/Materials/MaterialLayers/ML_GlossyBlack_Latex_UE4.uexp" 704
"F:/dich/JoyWayTest/JoyWayTest/Content/AnimStarterPack/UE4_Mannequin/Materials/MaterialLayers/ML_Plastic_Shiny_Beige.uasset" 705
"F:/dich/JoyWayTest/JoyWayTest/Content/AnimStarterPack/UE4_Mannequin/Materials/MaterialLayers/ML_Plastic_Shiny_Beige.uexp" 706
"F:/dich/JoyWayTest/JoyWayTest/Content/AnimStarterPack/UE4_Mannequin/Textures/UE4_LOGO_CARD.uasset" 707
"F:/dich/JoyWayTest/JoyWayTest/Content/AnimStarterPack/UE4_Mannequin/Textures/UE4_LOGO_CARD.uexp" 708
"F:/dich/JoyWayTest/JoyWayTest/Content/AnimStarterPack/UE4_Mannequin/Textures/UE4_LOGO_CARD.ubulk" 709
"F:/dich/JoyWayTest/JoyWayTest/Content/AnimStarterPack/UE4_Mannequin/Materials/MaterialLayers/ML_Plastic_Shiny_Beige_LOGO.uasset" 710
"F:/dich/JoyWayTest/JoyWayTest/Content/AnimStarterPack/UE4_Mannequin/Materials/MaterialLayers/ML_Plastic_Shiny_Beige_LOGO.uexp" 711
"F:/dich/JoyWayTest/JoyWayTest/Content/AnimStarterPack/UE4_Mannequin/Materials/MaterialLayers/T_ML_Aluminum01.uasset" 712
"F:/dich/JoyWayTest/JoyWayTest/Content/AnimStarterPack/UE4_Mannequin/Materials/MaterialLayers/T_ML_Aluminum01.uexp" 713
"F:/dich/JoyWayTest/JoyWayTest/Content/AnimStarterPack/UE4_Mannequin/Materials/MaterialLayers/T_ML_Aluminum01.ubulk" 714
"F:/dich/JoyWayTest/JoyWayTest/Content/AnimStarterPack/UE4_Mannequin/Materials/MaterialLayers/T_ML_Aluminum01_N.uasset" 715
"F:/dich/JoyWayTest/JoyWayTest/Content/AnimStarterPack/UE4_Mannequin/Materials/MaterialLayers/T_ML_Aluminum01_N.uexp" 716
"F:/dich/JoyWayTest/JoyWayTest/Content/AnimStarterPack/UE4_Mannequin/Materials/MaterialLayers/T_ML_Aluminum01_N.ubulk" 717
"F:/dich/JoyWayTest/JoyWayTest/Content/AnimStarterPack/UE4_Mannequin/Materials/MaterialLayers/ML_SoftMetal_UE4.uasset" 718
"F:/dich/JoyWayTest/JoyWayTest/Content/AnimStarterPack/UE4_Mannequin/Materials/MaterialLayers/ML_SoftMetal_UE4.uexp" 719
"F:/dich/JoyWayTest/JoyWayTest/Content/AnimStarterPack/UE4_Mannequin/Textures/UE4_Mannequin__normals.uasset" 720
"F:/dich/JoyWayTest/JoyWayTest/Content/AnimStarterPack/UE4_Mannequin/Textures/UE4_Mannequin__normals.uexp" 721
"F:/dich/JoyWayTest/JoyWayTest/Content/AnimStarterPack/UE4_Mannequin/Textures/UE4_Mannequin__normals.ubulk" 722
"F:/dich/JoyWayTest/JoyWayTest/Content/AnimStarterPack/UE4_Mannequin/Textures/UE4_Mannequin_MAT_MASKA.uasset" 723
"F:/dich/JoyWayTest/JoyWayTest/Content/AnimStarterPack/UE4_Mannequin/Textures/UE4_Mannequin_MAT_MASKA.uexp" 724
"F:/dich/JoyWayTest/JoyWayTest/Content/AnimStarterPack/UE4_Mannequin/Textures/UE4_Mannequin_MAT_MASKA.ubulk" 725
"F:/dich/JoyWayTest/JoyWayTest/Content/AnimStarterPack/UE4_Mannequin/Textures/UE4_Mannequin_occlusion_Mobile.uasset" 726
"F:/dich/JoyWayTest/JoyWayTest/Content/AnimStarterPack/UE4_Mannequin/Textures/UE4_Mannequin_occlusion_Mobile.uexp" 727
"F:/dich/JoyWayTest/JoyWayTest/Content/AnimStarterPack/UE4_Mannequin/Textures/UE4_Mannequin_occlusion_Mobile.ubulk" 728
"F:/dich/JoyWayTest/JoyWayTest/Content/AnimStarterPack/UE4_Mannequin/Materials/M_UE4Man_Body.uasset" 729
"F:/dich/JoyWayTest/JoyWayTest/Content/AnimStarterPack/UE4_Mannequin/Materials/M_UE4Man_Body.uexp" 730
"F:/dich/JoyWayTest/JoyWayTest/Content/AnimStarterPack/UE4_Mannequin/Textures/UE4Man_Logo_N.uasset" 731
"F:/dich/JoyWayTest/JoyWayTest/Content/AnimStarterPack/UE4_Mannequin/Textures/UE4Man_Logo_N.uexp" 732
"F:/dich/JoyWayTest/JoyWayTest/Content/AnimStarterPack/UE4_Mannequin/Textures/UE4Man_Logo_N.ubulk" 733
"F:/dich/JoyWayTest/JoyWayTest/Content/AnimStarterPack/UE4_Mannequin/Materials/M_UE4Man_ChestLogo.uasset" 734
"F:/dich/JoyWayTest/JoyWayTest/Content/AnimStarterPack/UE4_Mannequin/Materials/M_UE4Man_ChestLogo.uexp" 735
"F:/dich/JoyWayTest/JoyWayTest/Content/AnimStarterPack/UE4_Mannequin/Mesh/SK_Mannequin_PhysicsAsset.uasset" 736
"F:/dich/JoyWayTest/JoyWayTest/Content/AnimStarterPack/UE4_Mannequin/Mesh/SK_Mannequin_PhysicsAsset.uexp" 737
"F:/dich/JoyWayTest/JoyWayTest/Content/AnimStarterPack/UE4_Mannequin/Mesh/SK_Mannequin.uasset" 738
"F:/dich/JoyWayTest/JoyWayTest/Content/AnimStarterPack/UE4_Mannequin/Mesh/SK_Mannequin.uexp" 739
"F:/dich/JoyWayTest/JoyWayTest/Content/AnimStarterPack/Ue4ASP_Character.uasset" 740
"F:/dich/JoyWayTest/JoyWayTest/Content/AnimStarterPack/Ue4ASP_Character.uexp" 741
"F:/dich/JoyWayTest/JoyWayTest/Content/AnimStarterPack/UE4ASP_HeroTPP_AnimBlueprint.uasset" 742
"F:/dich/JoyWayTest/JoyWayTest/Content/AnimStarterPack/UE4ASP_HeroTPP_AnimBlueprint.uexp" 743
"F:/dich/JoyWayTest/JoyWayTest/Content/JoyWay/Core/PauseMenu.uasset" 744
"F:/dich/JoyWayTest/JoyWayTest/Content/JoyWay/Core/PauseMenu.uexp" 745
"F:/dich/JoyWayTest/JoyWayTest/Content/JoyWay/Core/WeaponModels/FBX_format/Materials/pink.uasset" 746
"F:/dich/JoyWayTest/JoyWayTest/Content/JoyWay/Core/WeaponModels/FBX_format/Materials/pink.uexp" 747
"F:/dich/JoyWayTest/JoyWayTest/Content/JoyWay/Core/WeaponModels/FBX_format/foamBulletB.uasset" 748
"F:/dich/JoyWayTest/JoyWayTest/Content/JoyWay/Core/WeaponModels/FBX_format/foamBulletB.uexp" 749
"F:/dich/JoyWayTest/JoyWayTest/Content/JoyWay/Core/Projectiles/BP_Bomb.uasset" 750
"F:/dich/JoyWayTest/JoyWayTest/Content/JoyWay/Core/Projectiles/BP_Bomb.uexp" 751
"F:/dich/JoyWayTest/JoyWayTest/Content/JoyWay/Core/Projectiles/BP_Projectile.uasset" 752
"F:/dich/JoyWayTest/JoyWayTest/Content/JoyWay/Core/Projectiles/BP_Projectile.uexp" 753
"F:/dich/JoyWayTest/JoyWayTest/Content/JoyWay/Core/GameplayDefaults/BP_JoyWayTestCharacter.uasset" 754
"F:/dich/JoyWayTest/JoyWayTest/Content/JoyWay/Core/GameplayDefaults/BP_JoyWayTestCharacter.uexp" 755
"F:/dich/JoyWayTest/JoyWayTest/Content/JoyWay/Core/WeaponModels/FBX_format/blasterD.uasset" 756
"F:/dich/JoyWayTest/JoyWayTest/Content/JoyWay/Core/WeaponModels/FBX_format/blasterD.uexp" 757
"F:/dich/JoyWayTest/JoyWayTest/Content/JoyWay/Core/WeaponModels/FBX_format/turretStand.uasset" 758
"F:/dich/JoyWayTest/JoyWayTest/Content/JoyWay/Core/WeaponModels/FBX_format/turretStand.uexp" 759
"F:/dich/JoyWayTest/JoyWayTest/Content/JoyWay/Core/Enemy/BP_EnemyBase.uasset" 760
"F:/dich/JoyWayTest/JoyWayTest/Content/JoyWay/Core/Enemy/BP_EnemyBase.uexp" 761
"F:/dich/JoyWayTest/JoyWayTest/Content/JoyWay/Core/Images/Side/blasterC.uasset" 762
"F:/dich/JoyWayTest/JoyWayTest/Content/JoyWay/Core/Images/Side/blasterC.uexp" 763
"F:/dich/JoyWayTest/JoyWayTest/Content/JoyWay/Core/Items/BP_BombWeapon.uasset" 764
"F:/dich/JoyWayTest/JoyWayTest/Content/JoyWay/Core/Items/BP_BombWeapon.uexp" 765
"F:/dich/JoyWayTest/JoyWayTest/Content/JoyWay/Core/Spawners/BP_Spawner.uasset" 766
"F:/dich/JoyWayTest/JoyWayTest/Content/JoyWay/Core/Spawners/BP_Spawner.uexp" 767
"F:/dich/JoyWayTest/JoyWayTest/Content/JoyWay/Core/Images/Side/aim.uasset" 768
"F:/dich/JoyWayTest/JoyWayTest/Content/JoyWay/Core/Images/Side/aim.uexp" 769
"F:/dich/JoyWayTest/JoyWayTest/Content/JoyWay/Core/Images/Side/clipA.uasset" 770
"F:/dich/JoyWayTest/JoyWayTest/Content/JoyWay/Core/Images/Side/clipA.uexp" 771
"F:/dich/JoyWayTest/JoyWayTest/Content/JoyWay/Core/Images/Side/foamBulletA.uasset" 772
"F:/dich/JoyWayTest/JoyWayTest/Content/JoyWay/Core/Images/Side/foamBulletA.uexp" 773
"F:/dich/JoyWayTest/JoyWayTest/Content/JoyWay/Core/Images/Side/foamBulletB.uasset" 774
"F:/dich/JoyWayTest/JoyWayTest/Content/JoyWay/Core/Images/Side/foamBulletB.uexp" 775
"F:/dich/JoyWayTest/JoyWayTest/Content/JoyWay/Core/UI_HUD.uasset" 776
"F:/dich/JoyWayTest/JoyWayTest/Content/JoyWay/Core/UI_HUD.uexp" 777
"F:/dich/JoyWayTest/JoyWayTest/Content/JoyWay/Core/GameplayDefaults/HUD_Base.uasset" 778
"F:/dich/JoyWayTest/JoyWayTest/Content/JoyWay/Core/GameplayDefaults/HUD_Base.uexp" 779
"F:/dich/JoyWayTest/JoyWayTest/Content/JoyWay/Core/GameplayDefaults/PC_Base.uasset" 780
"F:/dich/JoyWayTest/JoyWayTest/Content/JoyWay/Core/GameplayDefaults/PC_Base.uexp" 781
"F:/dich/JoyWayTest/JoyWayTest/Content/JoyWay/Core/GameplayDefaults/GM_Base.uasset" 782
"F:/dich/JoyWayTest/JoyWayTest/Content/JoyWay/Core/GameplayDefaults/GM_Base.uexp" 783
"F:/dich/JoyWayTest/JoyWayTest/Content/ThirdPersonCPP/Maps/Map2.uexp" 784
"F:/dich/JoyWayTest/JoyWayTest/Content/ThirdPersonCPP/Maps/Map2.umap" 785
"F:/dich/JoyWayTest/JoyWayTest/Content/ThirdPersonCPP/Maps/Map3_BuiltData.uasset" 786
"F:/dich/JoyWayTest/JoyWayTest/Content/ThirdPersonCPP/Maps/Map3_BuiltData.uexp" 787
"F:/dich/JoyWayTest/JoyWayTest/Content/ThirdPersonCPP/Maps/Map3_BuiltData.ubulk" 788
"F:/dich/JoyWayTest/JoyWayTest/Content/ThirdPersonCPP/Maps/Map3.uexp" 789
"F:/dich/JoyWayTest/JoyWayTest/Content/ThirdPersonCPP/Maps/Map3.umap" 790
"F:/dich/JoyWayTest/JoyWayTest/Content/ThirdPersonCPP/Maps/Map1_BuiltData.uasset" 791
"F:/dich/JoyWayTest/JoyWayTest/Content/ThirdPersonCPP/Maps/Map1_BuiltData.uexp" 792
"F:/dich/JoyWayTest/JoyWayTest/Content/ThirdPersonCPP/Maps/Map1_BuiltData.ubulk" 793
"F:/dich/JoyWayTest/JoyWayTest/Content/ThirdPersonCPP/Maps/Map1.uexp" 794
"F:/dich/JoyWayTest/JoyWayTest/Content/ThirdPersonCPP/Maps/Map1.umap" 795
"../../../Engine/Content/Maps/Entry_BuiltData.uasset" 796
"../../../Engine/Content/Maps/Entry_BuiltData.uexp" 797
"../../../Engine/Content/Maps/Entry.uexp" 798
"../../../Engine/Content/Maps/Entry.umap" 799
